E:\Meus Projetos Eletricos\Projetos_Subestação_Abrigada\Projeto_01\PROJETO SUBESTAÇÃO ABRIGADA 2000 KVA.dwg,Layout2,21/09/2023 08:26:44,victo,DWG To PDF.pc3,ISO A2 (594.00 x 420.00 MM),1:1,
E:\Meus Projetos Eletricos\Projetos_Subestação_Abrigada\Projeto_01\PROJETO SUBESTAÇÃO ABRIGADA 2000 KVA.dwg,Layout2,21/09/2023 08:27:19,victo,DWG To PDF.pc3,ISO A2 (594.00 x 420.00 MM),1:1,
E:\Meus Projetos Eletricos\Projetos_Subestação_Abrigada\Projeto_01\PROJETO SUBESTAÇÃO ABRIGADA 2000 KVA.dwg,Layout2,21/09/2023 09:08:43,victo,DWG To PDF.pc3,ISO A2 (594.00 x 420.00 MM),1:1,
E:\Meus Projetos Eletricos\Projetos_Subestação_Abrigada\Projeto_01\PROJETO SUBESTAÇÃO ABRIGADA 2000 KVA.dwg,Layout2,21/09/2023 09:13:25,victo,DWG To PDF.pc3,ISO A2 (594.00 x 420.00 MM),1:1,
E:\Meus Projetos Eletricos\Projetos_Subestação_Abrigada\Projeto_01\PROJETO SUBESTAÇÃO ABRIGADA 2000 KVA.dwg,Layout2,21/09/2023 09:16:55,victo,DWG To PDF.pc3,ISO A2 (594.00 x 420.00 MM),1:1,
E:\Meus Projetos Eletricos\Projetos_Subestação_Abrigada\Projeto_01\PROJETO SUBESTAÇÃO ABRIGADA 2000 KVA.dwg,Layout2,21/09/2023 09:37:11,victo,DWG To PDF.pc3,ISO A2 (594.00 x 420.00 MM),1:1,
E:\Meus Projetos Eletricos\Projetos_Subestação_Abrigada\Projeto_01\PROJETO SUBESTAÇÃO ABRIGADA 2000 KVA.dwg,Layout1,21/09/2023 09:39:43,victo,DWG To PDF.pc3,ISO A2 (594.00 x 420.00 MM),1:1,
E:\Meus Projetos Eletricos\Projetos_Subestação_Abrigada\Projeto_01\PROJETO SUBESTAÇÃO ABRIGADA 2000 KVA.dwg,Parte2,23/09/2023 17:19:36,victo,DWG To PDF.pc3,ISO A2 (594.00 x 420.00 MM),1:50,
E:\Meus Projetos Eletricos\Projetos_Subestação_Abrigada\Projeto_01\PROJETO SUBESTAÇÃO ABRIGADA 2000 KVA.dwg,Parte3,23/09/2023 17:19:53,victo,Microsoft Print to PDF,A4,1:1,
E:\Meus Projetos Eletricos\Projetos_Subestação_Abrigada\Projeto_01\PROJETO SUBESTAÇÃO ABRIGADA 2000 KVA.dwg,Parte4,23/09/2023 17:32:53,victo,DWG To PDF.pc3,ISO full bleed A2 (594.00 x 420.00 MM),1:50,
E:\Meus Projetos Eletricos\Projetos_Subestação_Abrigada\Projeto_01\PROJETO SUBESTAÇÃO ABRIGADA 2000 KVA.dwg,Parte4,23/09/2023 17:34:54,victo,DWG To PDF.pc3,ISO full bleed A2 (594.00 x 420.00 MM),1:50,
E:\Meus Projetos Eletricos\Projetos_Subestação_Abrigada\Projeto_01\PROJETO SUBESTAÇÃO ABRIGADA 2000 KVA.dwg,Parte5,23/09/2023 18:00:07,victo,DWG To PDF.pc3,ISO full bleed A2 (594.00 x 420.00 MM),1:50,
E:\Meus Projetos Eletricos\Projetos_Subestação_Abrigada\Projeto_01\PROJETO SUBESTAÇÃO ABRIGADA 2000 KVA.dwg,Parte5,23/09/2023 18:04:42,victo,DWG To PDF.pc3,ISO full bleed A2 (594.00 x 420.00 MM),1:50,
E:\Meus Projetos Eletricos\Projetos_Subestação_Abrigada\Projeto_01\PROJETO SUBESTAÇÃO ABRIGADA 2000 KVA.dwg,Parte3,23/09/2023 18:06:56,victo,DWG To PDF.pc3,ISO expand A2 (594.00 x 420.00 MM),1:50,
E:\Meus Projetos Eletricos\Projetos_Subestação_Abrigada\Projeto_01\PROJETO SUBESTAÇÃO ABRIGADA 2000 KVA.dwg,Parte4,23/09/2023 20:24:54,victo,DWG To PDF.pc3,ISO full bleed A2 (594.00 x 420.00 MM),1:50,
E:\Meus Projetos Eletricos\Projetos_Subestação_Abrigada\Projeto_01\PROJETO SUBESTAÇÃO ABRIGADA 2000 KVA.dwg,Parte2,23/09/2023 20:26:11,victo,DWG To PDF.pc3,ISO full bleed A2 (594.00 x 420.00 MM),1:50,
E:\Meus Projetos Eletricos\Projetos_Subestação_Abrigada\Projeto_01\PROJETO SUBESTAÇÃO ABRIGADA 2000 KVA.dwg,Parte1,23/09/2023 20:27:26,victo,DWG To PDF.pc3,ISO full bleed A2 (594.00 x 420.00 MM),1:50,
E:\Meus Projetos Eletricos\Projetos_Subestação_Abrigada\Projeto_01\PROJETO SUBESTAÇÃO ABRIGADA 2000 KVA.dwg,Parte3,26/09/2023 22:26:00,victo,DWG To PDF.pc3,ISO full bleed A2 (594.00 x 420.00 MM),1:50,
E:\Meus Projetos Eletricos\Projetos_Subestação_Abrigada\Projeto_01\PROJETO SUBESTAÇÃO ABRIGADA 2000 KVA.dwg,Parte5,26/09/2023 22:26:45,victo,DWG To PDF.pc3,ISO full bleed A2 (594.00 x 420.00 MM),1:50,
E:\Meus Projetos Eletricos\Projetos_Subestação_Abrigada\Projeto_01\PROJETO SUBESTAÇÃO ABRIGADA 2000 KVA.dwg,Parte3,27/09/2023 22:29:47,victo,DWG To PDF.pc3,ISO full bleed A2 (594.00 x 420.00 MM),1:50,
E:\Meus Projetos Eletricos\Projetos_Subestação_Abrigada\Projeto_01\PROJETO SUBESTAÇÃO ABRIGADA 2000 KVA.dwg,Parte5,27/09/2023 22:30:21,victo,DWG To PDF.pc3,ISO full bleed A2 (594.00 x 420.00 MM),1:50,
E:\Meus Projetos Eletricos\Projetos_Subestação_Abrigada\Projeto_01\PROJETO SUBESTAÇÃO ABRIGADA 2000 KVA.dwg,Parte6,01/10/2023 21:54:08,victo,DWG To PDF.pc3,ISO full bleed A2 (594.00 x 420.00 MM),1:50,
E:\Meus Projetos Eletricos\Projetos_Subestação_Abrigada\Projeto_01\PROJETO SUBESTAÇÃO ABRIGADA 2000 KVA.dwg,Parte6,01/10/2023 21:55:58,victo,DWG To PDF.pc3,ISO full bleed A2 (594.00 x 420.00 MM),1:50,
E:\Meus Projetos Eletricos\Projetos_Subestação_Abrigada\Projeto_01\PROJETO SUBESTAÇÃO ABRIGADA 2000 KVA.dwg,Parte6,01/10/2023 21:58:46,victo,DWG To PDF.pc3,ISO full bleed A2 (594.00 x 420.00 MM),1:50,
E:\Meus Projetos Eletricos\Projetos_Subestação_Abrigada\Projeto_01\PROJETO SUBESTAÇÃO ABRIGADA 2000 KVA.dwg,Parte5,01/10/2023 22:00:58,victo,DWG To PDF.pc3,ISO full bleed A2 (594.00 x 420.00 MM),1:50,
E:\Meus Projetos Eletricos\Projetos_Subestação_Abrigada\Projeto_01\PROJETO SUBESTAÇÃO ABRIGADA 2000 KVA.dwg,Parte2,05/10/2023 08:29:48,victo,DWG To PDF.pc3,ISO full bleed A2 (594.00 x 420.00 MM),1:50,
E:\Meus Projetos Eletricos\Projetos_Subestação_Abrigada\Projeto_01\PROJETO SUBESTAÇÃO ABRIGADA 2000 KVA.dwg,Parte3,05/10/2023 08:30:03,victo,DWG To PDF.pc3,ISO full bleed A2 (594.00 x 420.00 MM),1:50,
E:\Meus Projetos Eletricos\Projetos_Subestação_Abrigada\Projeto_01\PROJETO SUBESTAÇÃO ABRIGADA 2000 KVA.dwg,Parte4,05/10/2023 08:30:20,victo,DWG To PDF.pc3,ISO full bleed A2 (594.00 x 420.00 MM),1:50,
E:\Meus Projetos Eletricos\Projetos_Subestação_Abrigada\Projeto_01\PROJETO SUBESTAÇÃO ABRIGADA 2000 KVA.dwg,Parte5,05/10/2023 08:30:39,victo,DWG To PDF.pc3,ISO full bleed A2 (594.00 x 420.00 MM),1:50,
E:\Meus Projetos Eletricos\Projetos_Subestação_Abrigada\Projeto_01\PROJETO SUBESTAÇÃO ABRIGADA 2000 KVA.dwg,Parte6,05/10/2023 08:31:03,victo,DWG To PDF.pc3,ISO full bleed A2 (594.00 x 420.00 MM),1:50,
E:\Meus Projetos Eletricos\Projetos_Subestação_Abrigada\Projeto_01\PROJETO SUBESTAÇÃO ABRIGADA 2000 KVA.dwg,Parte7,05/10/2023 08:31:25,victo,DWG To PDF.pc3,ISO full bleed A2 (594.00 x 420.00 MM),1:50,
E:\Meus Projetos Eletricos\Projetos_Subestação_Abrigada\Projeto_01\PROJETO SUBESTAÇÃO ABRIGADA 2000 KVA.dwg,Parte1,05/10/2023 09:30:14,victo,DWG To PDF.pc3,ISO full bleed A2 (594.00 x 420.00 MM),1:50,
E:\Meus Projetos Eletricos\Projetos_Subestação_Abrigada\Projeto_01\PROJETO SUBESTAÇÃO ABRIGADA 2000 KVA.dwg,Parte2,05/10/2023 09:30:25,victo,DWG To PDF.pc3,ISO full bleed A2 (594.00 x 420.00 MM),1:50,
E:\Meus Projetos Eletricos\Projetos_Subestação_Abrigada\Projeto_01\PROJETO SUBESTAÇÃO ABRIGADA 2000 KVA.dwg,Parte3,05/10/2023 09:30:35,victo,DWG To PDF.pc3,ISO full bleed A2 (594.00 x 420.00 MM),1:50,
E:\Meus Projetos Eletricos\Projetos_Subestação_Abrigada\Projeto_01\PROJETO SUBESTAÇÃO ABRIGADA 2000 KVA.dwg,Parte4,05/10/2023 09:30:48,victo,DWG To PDF.pc3,ISO full bleed A2 (594.00 x 420.00 MM),1:50,
E:\Meus Projetos Eletricos\Projetos_Subestação_Abrigada\Projeto_01\PROJETO SUBESTAÇÃO ABRIGADA 2000 KVA.dwg,Parte5,05/10/2023 09:31:01,victo,DWG To PDF.pc3,ISO full bleed A2 (594.00 x 420.00 MM),1:50,
E:\Meus Projetos Eletricos\Projetos_Subestação_Abrigada\Projeto_01\PROJETO SUBESTAÇÃO ABRIGADA 2000 KVA.dwg,Parte6,05/10/2023 09:31:10,victo,DWG To PDF.pc3,ISO full bleed A2 (594.00 x 420.00 MM),1:50,
E:\Meus Projetos Eletricos\Projetos_Subestação_Abrigada\Projeto_01\PROJETO SUBESTAÇÃO ABRIGADA 2000 KVA.dwg,Parte7,05/10/2023 09:31:18,victo,DWG To PDF.pc3,ISO full bleed A2 (594.00 x 420.00 MM),1:50,
E:\Meus Projetos Eletricos\Projetos_Subestação_Abrigada\Projeto_01\PROJETO SUBESTAÇÃO ABRIGADA 2000 KVA.dwg,Parte6,12/10/2023 08:01:20,victo,DWG To PDF.pc3,ISO full bleed A2 (594.00 x 420.00 MM),1:50,
E:\Meus Projetos Eletricos\Projetos_Subestação_Abrigada\Projeto_01\PROJETO SUBESTAÇÃO ABRIGADA 1170 KVA - UFCG.dwg,Parte2,16/10/2023 21:52:46,victo,DWG To PDF.pc3,ISO full bleed A2 (594.00 x 420.00 MM),1:50,
E:\Meus Projetos Eletricos\Projetos_Subestação_Abrigada\Projeto_01\PROJETO SUBESTAÇÃO ABRIGADA 1170 KVA - UFCG.dwg,Parte3,16/10/2023 21:52:59,victo,DWG To PDF.pc3,ISO full bleed A2 (594.00 x 420.00 MM),1:50,
E:\Meus Projetos Eletricos\Projetos_Subestação_Abrigada\Projeto_01\PROJETO SUBESTAÇÃO ABRIGADA 1170 KVA - UFCG.dwg,Parte4,16/10/2023 21:53:10,victo,DWG To PDF.pc3,ISO full bleed A2 (594.00 x 420.00 MM),1:50,
E:\Meus Projetos Eletricos\Projetos_Subestação_Abrigada\Projeto_01\PROJETO SUBESTAÇÃO ABRIGADA 1170 KVA - UFCG.dwg,Parte5,16/10/2023 21:53:22,victo,DWG To PDF.pc3,ISO full bleed A2 (594.00 x 420.00 MM),1:50,
E:\Meus Projetos Eletricos\Projetos_Subestação_Abrigada\Projeto_01\PROJETO SUBESTAÇÃO ABRIGADA 1170 KVA - UFCG.dwg,Parte6,16/10/2023 21:53:32,victo,DWG To PDF.pc3,ISO full bleed A2 (594.00 x 420.00 MM),1:50,
E:\Meus Projetos Eletricos\Projetos_Subestação_Abrigada\Projeto_01\PROJETO SUBESTAÇÃO ABRIGADA 1170 KVA - UFCG.dwg,Parte7,16/10/2023 21:53:42,victo,DWG To PDF.pc3,ISO full bleed A2 (594.00 x 420.00 MM),1:50,
E:\Meus Projetos Eletricos\Projetos_Subestação_Abrigada\Projeto_01\PROJETO SUBESTAÇÃO ABRIGADA 1170 KVA - UFCG.dwg,Parte1,16/10/2023 22:05:44,victo,DWG To PDF.pc3,ISO full bleed A2 (594.00 x 420.00 MM),1:50,
E:\Meus Projetos Eletricos\Projetos_Subestação_Abrigada\Projeto_01\PROJETO SUBESTAÇÃO ABRIGADA 1170 KVA - UFCG.dwg,Parte2,16/10/2023 22:06:04,victo,DWG To PDF.pc3,ISO full bleed A2 (594.00 x 420.00 MM),1:50,
E:\Meus Projetos Eletricos\Projetos_Subestação_Abrigada\Projeto_01\PROJETO SUBESTAÇÃO ABRIGADA 1170 KVA - UFCG.dwg,Parte3,16/10/2023 22:06:16,victo,DWG To PDF.pc3,ISO full bleed A2 (594.00 x 420.00 MM),1:50,
E:\Meus Projetos Eletricos\Projetos_Subestação_Abrigada\Projeto_01\PROJETO SUBESTAÇÃO ABRIGADA 1170 KVA - UFCG.dwg,Parte4,16/10/2023 22:06:34,victo,DWG To PDF.pc3,ISO full bleed A2 (594.00 x 420.00 MM),1:50,
E:\Meus Projetos Eletricos\Projetos_Subestação_Abrigada\Projeto_01\PROJETO SUBESTAÇÃO ABRIGADA 1170 KVA - UFCG.dwg,Parte5,16/10/2023 22:06:51,victo,DWG To PDF.pc3,ISO full bleed A2 (594.00 x 420.00 MM),1:50,
E:\Meus Projetos Eletricos\Projetos_Subestação_Abrigada\Projeto_01\PROJETO SUBESTAÇÃO ABRIGADA 1170 KVA - UFCG.dwg,Parte6,16/10/2023 22:07:04,victo,DWG To PDF.pc3,ISO full bleed A2 (594.00 x 420.00 MM),1:50,
E:\Meus Projetos Eletricos\Projetos_Subestação_Abrigada\Projeto_01\PROJETO SUBESTAÇÃO ABRIGADA 1170 KVA - UFCG.dwg,Parte7,16/10/2023 22:07:17,victo,DWG To PDF.pc3,ISO full bleed A2 (594.00 x 420.00 MM),1:50,
E:\Meus Projetos Eletricos\Projetos_Subestação_Abrigada\Projeto_01\PROJETO SUBESTAÇÃO ABRIGADA 1170 KVA - UFCG.dwg,Parte2,22/10/2023 13:18:44,victo,DWG To PDF.pc3,ISO full bleed A2 (594.00 x 420.00 MM),1:50,
E:\Meus Projetos Eletricos\Projetos_Subestação_Abrigada\Projeto_01\PROJETO SUBESTAÇÃO ABRIGADA 1170 KVA - UFCG.dwg,Parte3,22/10/2023 13:19:00,victo,DWG To PDF.pc3,ISO full bleed A2 (594.00 x 420.00 MM),1:50,
E:\Meus Projetos Eletricos\Projetos_Subestação_Abrigada\Projeto_01\PROJETO SUBESTAÇÃO ABRIGADA 1170 KVA - UFCG.dwg,Parte4,22/10/2023 13:19:12,victo,DWG To PDF.pc3,ISO full bleed A2 (594.00 x 420.00 MM),1:50,
E:\Meus Projetos Eletricos\Projetos_Subestação_Abrigada\Projeto_01\PROJETO SUBESTAÇÃO ABRIGADA 1170 KVA - UFCG.dwg,Parte5,22/10/2023 13:19:22,victo,DWG To PDF.pc3,ISO full bleed A2 (594.00 x 420.00 MM),1:50,
E:\Meus Projetos Eletricos\Projetos_Subestação_Abrigada\Projeto_01\PROJETO SUBESTAÇÃO ABRIGADA 1170 KVA - UFCG.dwg,Parte6,22/10/2023 13:19:31,victo,DWG To PDF.pc3,ISO full bleed A2 (594.00 x 420.00 MM),1:50,
E:\Meus Projetos Eletricos\Projetos_Subestação_Abrigada\Projeto_01\PROJETO SUBESTAÇÃO ABRIGADA 1170 KVA - UFCG.dwg,Parte7,22/10/2023 13:19:42,victo,DWG To PDF.pc3,ISO full bleed A2 (594.00 x 420.00 MM),1:50,
C:\Users\karol\OneDrive\SAYOAN\Meus Projetos Eletricos\PROJETOS DE SUBESTAÇÕES ABRIGADAS\Projeto_01\PROJETO SUBESTAÇÃO ABRIGADA 1170 KVA - UFCG.dwg,Parte2,05/01/2024 09:53:28,Victor Sayoan,DWG To PDF.pc3,ISO full bleed A2 (594.00 x 420.00 MM),1:50,
C:\Users\karol\OneDrive\SAYOAN\Meus Projetos Eletricos\PROJETOS DE SUBESTAÇÕES ABRIGADAS\Projeto_01\PROJETO SUBESTAÇÃO ABRIGADA 1170 KVA - UFCG.dwg,Parte3,05/01/2024 09:53:55,Victor Sayoan,DWG To PDF.pc3,ISO full bleed A2 (594.00 x 420.00 MM),1:50,
C:\Users\karol\OneDrive\SAYOAN\Meus Projetos Eletricos\PROJETOS DE SUBESTAÇÕES ABRIGADAS\Projeto_01\PROJETO SUBESTAÇÃO ABRIGADA 1170 KVA - UFCG.dwg,Parte4,05/01/2024 09:54:06,Victor Sayoan,DWG To PDF.pc3,ISO full bleed A2 (594.00 x 420.00 MM),1:50,
C:\Users\karol\OneDrive\SAYOAN\Meus Projetos Eletricos\PROJETOS DE SUBESTAÇÕES ABRIGADAS\Projeto_01\PROJETO SUBESTAÇÃO ABRIGADA 1170 KVA - UFCG.dwg,Parte5,05/01/2024 09:54:22,Victor Sayoan,DWG To PDF.pc3,ISO full bleed A2 (594.00 x 420.00 MM),1:50,
C:\Users\karol\OneDrive\SAYOAN\Meus Projetos Eletricos\PROJETOS DE SUBESTAÇÕES ABRIGADAS\Projeto_01\PROJETO SUBESTAÇÃO ABRIGADA 1170 KVA - UFCG.dwg,Parte6,05/01/2024 09:54:35,Victor Sayoan,DWG To PDF.pc3,ISO full bleed A2 (594.00 x 420.00 MM),1:50,
C:\Users\karol\OneDrive\SAYOAN\Meus Projetos Eletricos\PROJETOS DE SUBESTAÇÕES ABRIGADAS\Projeto_01\PROJETO SUBESTAÇÃO ABRIGADA 1170 KVA - UFCG.dwg,Parte7,05/01/2024 09:55:24,Victor Sayoan,DWG To PDF.pc3,ISO full bleed A2 (594.00 x 420.00 MM),1:50,
