E:\Meus Projetos Eletricos\Projetos_Edifícios_Comerciais\Projeto01_Edifício_De_8_Pavimentos\Planta_Elétrica_Dos_Pavimentos.dwg,Layout1,12/11/2023 02:05:47,victo,DWG To PDF.pc3,ISO full bleed A2 (594.00 x 420.00 MM),1:50,
E:\Meus Projetos Eletricos\Projetos_Edifícios_Comerciais\Projeto01_Edifício_De_8_Pavimentos\Planta_Elétrica_Dos_Pavimentos.dwg,Layout1,12/11/2023 02:51:22,victo,DWG To PDF.pc3,ISO full bleed A2 (594.00 x 420.00 MM),1:50,
E:\Meus Projetos Eletricos\Projetos_Edifícios_Comerciais\Projeto01_Edifício_De_8_Pavimentos\Planta_Elétrica_Dos_Pavimentos.dwg,Layout1,12/11/2023 03:30:39,victo,DWG To PDF.pc3,ISO full bleed A2 (594.00 x 420.00 MM),1:50,
E:\Meus Projetos Eletricos\Projetos_Edifícios_Comerciais\Projeto01_Edifício_De_8_Pavimentos\Planta_Elétrica_Dos_Pavimentos.dwg,Layout1,12/11/2023 03:35:10,victo,DWG To PDF.pc3,ISO full bleed A2 (594.00 x 420.00 MM),1:50,
E:\Meus Projetos Eletricos\Projetos_Edifícios_Comerciais\Projeto01_Edifício_De_8_Pavimentos\Planta_Elétrica_Dos_Pavimentos.dwg,Layout1,12/11/2023 03:36:51,victo,DWG To PDF.pc3,ISO full bleed A2 (594.00 x 420.00 MM),1:50,
E:\Meus Projetos Eletricos\Projetos_Edifícios_Comerciais\Projeto01_Edifício_De_8_Pavimentos\Planta_Elétrica_Dos_Pavimentos.dwg,FOLHA 01,12/11/2023 03:37:52,victo,DWG To PDF.pc3,ISO full bleed A2 (594.00 x 420.00 MM),1:50,
E:\Meus Projetos Eletricos\Projetos_Edifícios_Comerciais\Projeto01_Edifício_De_8_Pavimentos\Planta_Elétrica_Dos_Pavimentos.dwg,FOLHA 01,14/11/2023 06:36:44,victo,DWG To PDF.pc3,ISO full bleed A2 (594.00 x 420.00 MM),1:50,
E:\Meus Projetos Eletricos\Projetos_Edifícios_Comerciais\Projeto01_Edifício_De_8_Pavimentos\Planta_Elétrica_Dos_Pavimentos.dwg,FOLHA 01,14/11/2023 06:42:45,victo,DWG To PDF.pc3,ISO full bleed A2 (594.00 x 420.00 MM),1:50,
E:\Meus Projetos Eletricos\Projetos_Edifícios_Comerciais\Projeto01_Edifício_De_8_Pavimentos\Planta_Elétrica_Dos_Pavimentos.dwg,FOLHA 01,14/11/2023 07:36:59,victo,DWG To PDF.pc3,ISO full bleed A2 (594.00 x 420.00 MM),1:50,
E:\Meus Projetos Eletricos\Projetos_Edifícios_Comerciais\Projeto01_Edifício_De_8_Pavimentos\Planta_Elétrica_Dos_Pavimentos.dwg,FOLHA 01,14/11/2023 08:32:58,victo,DWG To PDF.pc3,ISO full bleed A2 (594.00 x 420.00 MM),1:50,
E:\Meus Projetos Eletricos\Projetos_Edifícios_Comerciais\Projeto01_Edifício_De_8_Pavimentos\Planta_Elétrica_Dos_Pavimentos.dwg,FOLHA 01,14/11/2023 08:49:09,victo,DWG To PDF.pc3,ISO full bleed A2 (594.00 x 420.00 MM),1:50,
E:\Meus Projetos Eletricos\Projetos_Edifícios_Comerciais\Projeto01_Edifício_De_8_Pavimentos\Planta_Elétrica_Dos_Pavimentos.dwg,FOLHA 01,14/11/2023 08:49:40,victo,DWG To PDF.pc3,ISO full bleed A2 (594.00 x 420.00 MM),1:50,
E:\Meus Projetos Eletricos\Projetos_Edifícios_Comerciais\Projeto01_Edifício_De_8_Pavimentos\Planta_Elétrica_Dos_Pavimentos.dwg,FOLHA 01,14/11/2023 08:51:24,victo,DWG To PDF.pc3,ISO full bleed A2 (594.00 x 420.00 MM),1:50,
E:\Meus Projetos Eletricos\Projetos_Edifícios_Comerciais\Projeto01_Edifício_De_8_Pavimentos\Planta_Elétrica_Dos_Pavimentos.dwg,FOLHA 01,14/11/2023 09:14:57,victo,DWG To PDF.pc3,ISO full bleed A2 (594.00 x 420.00 MM),1:50,
E:\Meus Projetos Eletricos\Projetos_Edifícios_Comerciais\Projeto01_Edifício_De_8_Pavimentos\Planta_Elétrica_Dos_Pavimentos.dwg,FOLHA 01,14/11/2023 09:17:10,victo,DWG To PDF.pc3,ISO full bleed A2 (594.00 x 420.00 MM),1:50,
E:\Meus Projetos Eletricos\Projetos_Edifícios_Comerciais\Projeto01_Edifício_De_8_Pavimentos\Planta_Elétrica_Dos_Pavimentos.dwg,FOLHA 01,14/11/2023 09:21:09,victo,DWG To PDF.pc3,ISO full bleed A2 (594.00 x 420.00 MM),1:50,
E:\Meus Projetos Eletricos\Projetos_Edifícios_Comerciais\Projeto01_Edifício_De_8_Pavimentos\Planta_Elétrica_Dos_Pavimentos.dwg,FOLHA 01,14/11/2023 18:01:47,victo,DWG To PDF.pc3,ISO full bleed A2 (594.00 x 420.00 MM),1:50,
E:\Meus Projetos Eletricos\Projetos_Edifícios_Comerciais\Projeto01_Edifício_De_8_Pavimentos\Planta_Elétrica_Dos_Pavimentos.dwg,FOLHA 01,14/11/2023 18:22:59,victo,DWG To PDF.pc3,ISO full bleed A2 (594.00 x 420.00 MM),1:50,
E:\Meus Projetos Eletricos\Projetos_Edifícios_Comerciais\Projeto01_Edifício_De_8_Pavimentos\Planta_Elétrica_Dos_Pavimentos.dwg,FOLHA 01,14/11/2023 18:41:33,victo,DWG To PDF.pc3,ISO full bleed A2 (594.00 x 420.00 MM),1:50,
E:\Meus Projetos Eletricos\Projetos_Edifícios_Comerciais\Projeto01_Edifício_De_8_Pavimentos\Planta_Elétrica_Dos_Pavimentos.dwg,FOLHA 01,14/11/2023 18:42:59,victo,DWG To PDF.pc3,ISO full bleed A2 (594.00 x 420.00 MM),1:50,
E:\Meus Projetos Eletricos\Projetos_Edifícios_Comerciais\Projeto01_Edifício_De_8_Pavimentos\Planta_Elétrica_Dos_Pavimentos.dwg,FOLHA 01,14/11/2023 18:44:18,victo,DWG To PDF.pc3,ISO full bleed A2 (594.00 x 420.00 MM),1:50,
E:\Meus Projetos Eletricos\Projetos_Edifícios_Comerciais\Projeto01_Edifício_De_8_Pavimentos\Planta_Elétrica_Dos_Pavimentos.dwg,FOLHA 01,14/11/2023 21:04:03,victo,DWG To PDF.pc3,ISO full bleed A2 (594.00 x 420.00 MM),1:50,
E:\Meus Projetos Eletricos\Projetos_Edifícios_Comerciais\Projeto01_Edifício_De_8_Pavimentos\Planta_Elétrica_Dos_Pavimentos.dwg,FOLHA 01,14/11/2023 21:08:40,victo,DWG To PDF.pc3,ISO full bleed A2 (594.00 x 420.00 MM),1:50,
E:\Meus Projetos Eletricos\Projetos_Edifícios_Comerciais\Projeto01_Edifício_De_8_Pavimentos\Planta_Elétrica_Dos_Pavimentos.dwg,FOLHA 01,14/11/2023 21:11:42,victo,DWG To PDF.pc3,ISO full bleed A2 (594.00 x 420.00 MM),1:50,
E:\Meus Projetos Eletricos\Projetos_Edifícios_Comerciais\Projeto01_Edifício_De_8_Pavimentos\Planta_Elétrica_Dos_Pavimentos.dwg,FOLHA 01,14/11/2023 21:13:57,victo,DWG To PDF.pc3,ISO full bleed A2 (594.00 x 420.00 MM),1:50,
E:\Meus Projetos Eletricos\Projetos_Edifícios_Comerciais\Projeto01_Edifício_De_8_Pavimentos\Planta_Elétrica_Dos_Pavimentos.dwg,FOLHA 01,14/11/2023 21:15:52,victo,DWG To PDF.pc3,ISO full bleed A2 (594.00 x 420.00 MM),1:50,
E:\Meus Projetos Eletricos\Projetos_Edifícios_Comerciais\Projeto01_Edifício_De_8_Pavimentos\Planta_Elétrica_Dos_Pavimentos.dwg,FOLHA 01,16/11/2023 21:43:58,victo,DWG To PDF.pc3,ISO full bleed A2 (594.00 x 420.00 MM),1:50,
E:\Meus Projetos Eletricos\Projetos_Edifícios_Comerciais\Projeto01_Edifício_De_8_Pavimentos\Planta_Elétrica_Dos_Pavimentos.dwg,FOLHA 02,17/11/2023 09:29:20,victo,DWG To PDF.pc3,ISO full bleed A2 (594.00 x 420.00 MM),1:50,
E:\Meus Projetos Eletricos\Projetos_Edifícios_Comerciais\Projeto01_Edifício_De_8_Pavimentos\Planta_Elétrica_Dos_Pavimentos.dwg,FOLHA 02,17/11/2023 09:31:02,victo,DWG To PDF.pc3,ISO full bleed A2 (594.00 x 420.00 MM),1:50,
E:\Meus Projetos Eletricos\Projetos_Edifícios_Comerciais\Projeto01_Edifício_De_8_Pavimentos\PLANTA ELÉTRICA.dwg,FOLHA 01,17/11/2023 19:27:51,victo,DWG To PDF.pc3,ISO full bleed A2 (594.00 x 420.00 MM),1:50,
E:\Meus Projetos Eletricos\Projetos_Edifícios_Comerciais\Projeto01_Edifício_De_8_Pavimentos\PLANTA ELÉTRICA.dwg,FOLHA 02,17/11/2023 19:29:03,victo,DWG To PDF.pc3,ISO full bleed A2 (594.00 x 420.00 MM),1:50,
E:\Meus Projetos Eletricos\Projetos_Edifícios_Comerciais\Projeto01_Edifício_De_8_Pavimentos\PLANTA ELÉTRICA.dwg,FOLHA 02,26/11/2023 01:29:15,karol,DWG To PDF.pc3,ISO full bleed A2 (594.00 x 420.00 MM),1:50,
E:\Meus Projetos Eletricos\Projetos_Edifícios_Comerciais\Projeto01_Edifício_De_8_Pavimentos\PLANTA ELÉTRICA.dwg,FOLHA 03,26/11/2023 01:29:31,karol,DWG To PDF.pc3,ISO full bleed A2 (594.00 x 420.00 MM),1:50,
E:\Meus Projetos Eletricos\Projetos_Edifícios_Comerciais\Projeto01_Edifício_De_8_Pavimentos\PLANTA ELÉTRICA.dwg,FOLHA 04,26/11/2023 01:29:46,karol,DWG To PDF.pc3,ISO full bleed A2 (594.00 x 420.00 MM),1:50,
C:\Users\karol\OneDrive\SAYOAN\Meus Projetos Eletricos\PROJETOS DE EDIFÍCIOS COMERCIAS\Projeto01_Edifício_De_8_Pavimentos\PLANTA ELÉTRICA.dwg,FOLHA 01,08/01/2024 16:30:24,Victor Sayoan,DWG To PDF.pc3,ISO full bleed A2 (594.00 x 420.00 MM),1:50,
C:\Users\karol\OneDrive\SAYOAN\Meus Projetos Eletricos\PROJETOS DE EDIFÍCIOS COMERCIAS\Projeto01_Edifício_De_8_Pavimentos\PLANTA ELÉTRICA.dwg,FOLHA 02,08/01/2024 16:30:46,Victor Sayoan,DWG To PDF.pc3,ISO full bleed A2 (594.00 x 420.00 MM),1:50,
C:\Users\karol\OneDrive\SAYOAN\Meus Projetos Eletricos\PROJETOS DE EDIFÍCIOS COMERCIAS\Projeto01_Edifício_De_8_Pavimentos\PLANTA ELÉTRICA.dwg,FOLHA 03,08/01/2024 16:31:13,Victor Sayoan,DWG To PDF.pc3,ISO full bleed A2 (594.00 x 420.00 MM),1:50,
C:\Users\karol\OneDrive\SAYOAN\Meus Projetos Eletricos\PROJETOS DE EDIFÍCIOS COMERCIAS\Projeto01_Edifício_De_8_Pavimentos\PLANTA ELÉTRICA.dwg,FOLHA 02,16/01/2024 13:56:29,karol,DWG To PDF.pc3,ISO full bleed A2 (594.00 x 420.00 MM),1:50,
C:\Users\karol\OneDrive\SAYOAN\Meus Projetos Eletricos\PROJETOS DE EDIFÍCIOS COMERCIAS\Projeto01_Edifício_De_8_Pavimentos\PLANTA ELÉTRICA.dwg,FOLHA 02,16/01/2024 13:59:18,karol,DWG To PDF.pc3,ISO full bleed A2 (594.00 x 420.00 MM),1:50,
C:\Users\karol\OneDrive\SAYOAN\Meus Projetos Eletricos\PROJETOS DE EDIFÍCIOS COMERCIAS\Projeto01_Edifício_De_8_Pavimentos\PLANTA ELÉTRICA.dwg,FOLHA 03,16/01/2024 14:00:04,karol,DWG To PDF.pc3,ISO full bleed A2 (594.00 x 420.00 MM),1:50,
