E:\Meus Projetos Eletricos\Projetos_Edifícios_Residenciais\Projeto 01\PLANTA TÉRREO.dwg,FOLHA 01,18/10/2023 21:50:06,victo,DWG To PDF.pc3,ISO full bleed A2 (594.00 x 420.00 MM),1:50,
E:\Meus Projetos Eletricos\Projetos_Edifícios_Residenciais\Projeto 01\PLANTA TÉRREO.dwg,FOLHA 01,18/10/2023 21:57:49,victo,DWG To PDF.pc3,ISO full bleed A2 (594.00 x 420.00 MM),1:50,
E:\Meus Projetos Eletricos\Projetos_Edifícios_Residenciais\Projeto 01\PLANTA TÉRREO.dwg,FOLHA 01,18/10/2023 21:58:47,victo,DWG To PDF.pc3,ISO full bleed A2 (594.00 x 420.00 MM),1:50,
E:\Meus Projetos Eletricos\Projetos_Edifícios_Residenciais\Projeto 01\PLANTA TÉRREO.dwg,FOLHA 01,18/10/2023 22:06:11,victo,DWG To PDF.pc3,ISO full bleed A2 (594.00 x 420.00 MM),1:50,
E:\Meus Projetos Eletricos\Projetos_Edifícios_Residenciais\Projeto 01\PLANTA TÉRREO.dwg,FOLHA 01,18/10/2023 22:11:11,victo,DWG To PDF.pc3,ISO full bleed A2 (594.00 x 420.00 MM),1:50,
E:\Meus Projetos Eletricos\Projetos_Edifícios_Residenciais\Projeto 01\PLANTA TÉRREO.dwg,FOLHA 01,18/10/2023 22:19:31,victo,DWG To PDF.pc3,ISO full bleed A2 (594.00 x 420.00 MM),1:50,
E:\Meus Projetos Eletricos\Projetos_Edifícios_Residenciais\Projeto 01\PLANTA TÉRREO.dwg,FOLHA 01,18/10/2023 22:24:59,victo,DWG To PDF.pc3,ISO full bleed A2 (594.00 x 420.00 MM),1:50,
E:\Meus Projetos Eletricos\Projetos_Edifícios_Residenciais\Projeto 01\PLANTA TÉRREO.dwg,FOLHA 01,18/10/2023 22:33:27,victo,DWG To PDF.pc3,ISO full bleed A2 (594.00 x 420.00 MM),1:50,
E:\Meus Projetos Eletricos\Projetos_Edifícios_Residenciais\Projeto 01\PLANTA TÉRREO.dwg,FOLHA 01,18/10/2023 22:36:27,victo,DWG To PDF.pc3,ISO full bleed A2 (594.00 x 420.00 MM),1:50,
E:\Meus Projetos Eletricos\Projetos_Edifícios_Residenciais\Projeto 01\PLANTA TÉRREO.dwg,FOLHA 01,18/10/2023 22:40:07,victo,DWG To PDF.pc3,ISO full bleed A2 (594.00 x 420.00 MM),1:50,
E:\Meus Projetos Eletricos\Projetos_Edifícios_Residenciais\Projeto 01\PLANTA TÉRREO.dwg,FOLHA 01,18/10/2023 22:50:22,victo,DWG To PDF.pc3,ISO full bleed A2 (594.00 x 420.00 MM),1:50,
E:\Meus Projetos Eletricos\Projetos_Edifícios_Residenciais\Projeto 01\PLANTA ELÉTRICA - PREDIAL E COMERCIAL.dwg,FOLHA 02,19/10/2023 11:09:09,victo,DWG To PDF.pc3,ISO full bleed A2 (594.00 x 420.00 MM),1:50,
E:\Meus Projetos Eletricos\Projetos_Edifícios_Residenciais\Projeto 01\PLANTA ELÉTRICA - PREDIAL E COMERCIAL.dwg,FOLHA 01,19/10/2023 11:09:26,victo,DWG To PDF.pc3,ISO full bleed A2 (594.00 x 420.00 MM),1:50,
E:\Meus Projetos Eletricos\Projetos_Edifícios_Residenciais\Projeto 01\PLANTA ELÉTRICA - PREDIAL E COMERCIAL.dwg,FOLHA 02,19/10/2023 11:15:31,victo,DWG To PDF.pc3,ISO full bleed A2 (594.00 x 420.00 MM),1:50,
E:\Meus Projetos Eletricos\Projetos_Edifícios_Residenciais\Projeto 01\PLANTA ELÉTRICA - PREDIAL E COMERCIAL.dwg,FOLHA 01,19/10/2023 11:15:42,victo,DWG To PDF.pc3,ISO full bleed A2 (594.00 x 420.00 MM),1:50,
E:\Meus Projetos Eletricos\Projetos_Edifícios_Residenciais\Projeto 01\PLANTA ELÉTRICA - PREDIAL E COMERCIAL.dwg,FOLHA 02,19/10/2023 11:26:01,victo,DWG To PDF.pc3,ISO full bleed A2 (594.00 x 420.00 MM),1:50,
E:\Meus Projetos Eletricos\Projetos_Edifícios_Residenciais\Projeto 01\PLANTA ELÉTRICA - PREDIAL E COMERCIAL.dwg,FOLHA 01,19/10/2023 11:26:26,victo,DWG To PDF.pc3,ISO full bleed A2 (594.00 x 420.00 MM),1:50,
E:\Meus Projetos Eletricos\Projetos_Edifícios_Residenciais\Projeto 01\PLANTA ELÉTRICA - PREDIAL E COMERCIAL.dwg,FOLHA 02,19/10/2023 11:28:27,victo,DWG To PDF.pc3,ISO full bleed A2 (594.00 x 420.00 MM),1:50,
E:\Meus Projetos Eletricos\Projetos_Edifícios_Residenciais\Projeto 01\PLANTA ELÉTRICA - PREDIAL E COMERCIAL.dwg,FOLHA 02,19/10/2023 11:31:02,victo,DWG To PDF.pc3,ISO full bleed A2 (594.00 x 420.00 MM),1:50,
E:\Meus Projetos Eletricos\Projetos_Edifícios_Residenciais\Projeto 01\PLANTA ELÉTRICA - PREDIAL E COMERCIAL.dwg,FOLHA 02,19/10/2023 11:33:43,victo,DWG To PDF.pc3,ISO full bleed A2 (594.00 x 420.00 MM),1:50,
E:\Meus Projetos Eletricos\Projetos_Edifícios_Residenciais\Projeto 01\PLANTA ELÉTRICA - PREDIAL E COMERCIAL.dwg,FOLHA 02,19/10/2023 14:48:32,victo,DWG To PDF.pc3,ISO full bleed A2 (594.00 x 420.00 MM),1:50,
E:\Meus Projetos Eletricos\Projetos_Edifícios_Residenciais\Projeto 01\PLANTA ELÉTRICA - PREDIAL E COMERCIAL.dwg,FOLHA 02,19/10/2023 16:07:21,victo,DWG To PDF.pc3,ISO full bleed A2 (594.00 x 420.00 MM),1:50,
E:\Meus Projetos Eletricos\Projetos_Edifícios_Residenciais\Projeto 01\PLANTA ELÉTRICA - PREDIAL E COMERCIAL.dwg,FOLHA 01,19/10/2023 16:07:31,victo,DWG To PDF.pc3,ISO full bleed A2 (594.00 x 420.00 MM),1:50,
E:\Meus Projetos Eletricos\Projetos_Edifícios_Residenciais\Projeto 01\PLANTA ELÉTRICA - PREDIAL E COMERCIAL.dwg,FOLHA 03,19/10/2023 16:42:08,victo,DWG To PDF.pc3,ISO full bleed A2 (594.00 x 420.00 MM),1:50,
E:\Meus Projetos Eletricos\Projetos_Edifícios_Residenciais\Projeto 01\PLANTA ELÉTRICA - PREDIAL E COMERCIAL.dwg,FOLHA 03,19/10/2023 17:07:24,victo,DWG To PDF.pc3,ISO full bleed A2 (594.00 x 420.00 MM),1:50,
E:\Meus Projetos Eletricos\Projetos_Edifícios_Residenciais\Projeto 01\PLANTA ELÉTRICA - PREDIAL E COMERCIAL.dwg,FOLHA 01,19/10/2023 18:16:16,victo,DWG To PDF.pc3,ISO full bleed A2 (594.00 x 420.00 MM),1:50,
E:\Meus Projetos Eletricos\Projetos_Edifícios_Residenciais\Projeto 01\PLANTA ELÉTRICA - PREDIAL E COMERCIAL.dwg,FOLHA 02,19/10/2023 18:16:27,victo,DWG To PDF.pc3,ISO full bleed A2 (594.00 x 420.00 MM),1:50,
E:\Meus Projetos Eletricos\Projetos_Edifícios_Residenciais\Projeto 01\PLANTA ELÉTRICA - PREDIAL E COMERCIAL.dwg,FOLHA 03,19/10/2023 18:16:36,victo,DWG To PDF.pc3,ISO full bleed A2 (594.00 x 420.00 MM),1:50,
E:\Meus Projetos Eletricos\Projetos_Edifícios_Residenciais\Projeto 01\PLANTA ELÉTRICA - PREDIAL E COMERCIAL.dwg,FOLHA 01,21/10/2023 14:57:08,victo,DWG To PDF.pc3,ISO full bleed A2 (594.00 x 420.00 MM),1:50,
E:\Meus Projetos Eletricos\Projetos_Edifícios_Residenciais\Projeto 01\PLANTA ELÉTRICA - PREDIAL E COMERCIAL.dwg,FOLHA 01,21/10/2023 16:33:22,victo,DWG To PDF.pc3,ISO full bleed A2 (594.00 x 420.00 MM),1:50,
E:\Meus Projetos Eletricos\Projetos_Edifícios_Residenciais\Projeto 01\PLANTA ELÉTRICA - PREDIAL E COMERCIAL.dwg,FOLHA 02,21/10/2023 16:34:00,victo,DWG To PDF.pc3,ISO full bleed A2 (594.00 x 420.00 MM),1:50,
E:\Meus Projetos Eletricos\Projetos_Edifícios_Residenciais\Projeto 01\PLANTA ELÉTRICA - PREDIAL E COMERCIAL.dwg,FOLHA 03,21/10/2023 16:34:20,victo,DWG To PDF.pc3,ISO full bleed A2 (594.00 x 420.00 MM),1:50,
E:\Meus Projetos Eletricos\Projetos_Edifícios_Residenciais\Projeto 01\PLANTA ELÉTRICA - PREDIAL E COMERCIAL.dwg,FOLHA 01,21/10/2023 16:52:53,victo,DWG To PDF.pc3,ISO full bleed A2 (594.00 x 420.00 MM),1:50,
E:\Meus Projetos Eletricos\Projetos_Edifícios_Residenciais\Projeto 01\PLANTA ELÉTRICA - PREDIAL E COMERCIAL.dwg,FOLHA 02,21/10/2023 16:53:13,victo,DWG To PDF.pc3,ISO full bleed A2 (594.00 x 420.00 MM),1:50,
E:\Meus Projetos Eletricos\Projetos_Edifícios_Residenciais\Projeto 01\PLANTA ELÉTRICA - PREDIAL E COMERCIAL.dwg,FOLHA 03,21/10/2023 16:53:23,victo,DWG To PDF.pc3,ISO full bleed A2 (594.00 x 420.00 MM),1:50,
E:\Meus Projetos Eletricos\Projetos_Edifícios_Residenciais\Projeto 01\PLANTA ELÉTRICA - PREDIAL E COMERCIAL.dwg,FOLHA 01,24/10/2023 09:04:49,victo,DWG To PDF.pc3,ISO full bleed A2 (594.00 x 420.00 MM),1:50,
E:\Meus Projetos Eletricos\Projetos_Edifícios_Residenciais\Projeto 01\PLANTA ELÉTRICA - PREDIAL E COMERCIAL.dwg,FOLHA 01,24/10/2023 09:14:30,victo,DWG To PDF.pc3,ISO full bleed A2 (594.00 x 420.00 MM),1:50,
E:\Meus Projetos Eletricos\Projetos_Edifícios_Residenciais\Projeto 01\PLANTA ELÉTRICA - PREDIAL E COMERCIAL.dwg,FOLHA 01,24/10/2023 10:58:19,victo,DWG To PDF.pc3,ISO full bleed A2 (594.00 x 420.00 MM),1:50,
E:\Meus Projetos Eletricos\Projetos_Edifícios_Residenciais\Projeto 01\PLANTA ELÉTRICA - PREDIAL E COMERCIAL.dwg,FOLHA 02,24/10/2023 10:58:29,victo,DWG To PDF.pc3,ISO full bleed A2 (594.00 x 420.00 MM),1:50,
E:\Meus Projetos Eletricos\Projetos_Edifícios_Residenciais\Projeto 01\PLANTA ELÉTRICA - PREDIAL E COMERCIAL.dwg,FOLHA 03,24/10/2023 10:58:39,victo,DWG To PDF.pc3,ISO full bleed A2 (594.00 x 420.00 MM),1:50,
E:\Meus Projetos Eletricos\Projetos_Edifícios_Residenciais\Projeto 01\PLANTA ELÉTRICA - PREDIAL E COMERCIAL.dwg,FOLHA 01,24/10/2023 11:54:59,victo,DWG To PDF.pc3,ISO full bleed A2 (594.00 x 420.00 MM),1:50,
E:\Meus Projetos Eletricos\Projetos_Edifícios_Residenciais\Projeto 01\PLANTA ELÉTRICA - PREDIAL E COMERCIAL.dwg,FOLHA 02,24/10/2023 11:55:16,victo,DWG To PDF.pc3,ISO full bleed A2 (594.00 x 420.00 MM),1:50,
E:\Meus Projetos Eletricos\Projetos_Edifícios_Residenciais\Projeto 01\PLANTA ELÉTRICA - PREDIAL E COMERCIAL.dwg,FOLHA 03,24/10/2023 11:55:40,victo,DWG To PDF.pc3,ISO full bleed A2 (594.00 x 420.00 MM),1:50,
E:\Meus Projetos Eletricos\Projetos_Edifícios_Residenciais\Projeto 01\PLANTA ELÉTRICA - PREDIAL E COMERCIAL.dwg,FOLHA 01,24/10/2023 12:02:11,victo,DWG To PDF.pc3,ISO full bleed A2 (594.00 x 420.00 MM),1:50,
E:\Meus Projetos Eletricos\Projetos_Edifícios_Residenciais\Projeto 01\PLANTA ELÉTRICA - PREDIAL E COMERCIAL.dwg,FOLHA 02,24/10/2023 12:02:23,victo,DWG To PDF.pc3,ISO full bleed A2 (594.00 x 420.00 MM),1:50,
E:\Meus Projetos Eletricos\Projetos_Edifícios_Residenciais\Projeto 01\PLANTA ELÉTRICA - PREDIAL E COMERCIAL.dwg,FOLHA 03,24/10/2023 12:02:35,victo,DWG To PDF.pc3,ISO full bleed A2 (594.00 x 420.00 MM),1:50,
E:\Meus Projetos Eletricos\Projetos_Edifícios_Residenciais\Projeto 01\PLANTA ELÉTRICA - PREDIAL E COMERCIAL.dwg,FOLHA 02,24/10/2023 12:06:24,victo,DWG To PDF.pc3,ISO full bleed A2 (594.00 x 420.00 MM),1:50,
E:\Meus Projetos Eletricos\Projetos_Edifícios_Residenciais\Projeto 01\PLANTA ELÉTRICA - PREDIAL E COMERCIAL.dwg,FOLHA 02,24/10/2023 12:11:09,victo,DWG To PDF.pc3,ISO full bleed A2 (594.00 x 420.00 MM),1:50,
E:\Meus Projetos Eletricos\Projetos_Edifícios_Residenciais\Projeto 01\PLANTA ELÉTRICA - PREDIAL E COMERCIAL.dwg,FOLHA 01,24/10/2023 15:01:34,victo,DWG To PDF.pc3,ISO full bleed A2 (594.00 x 420.00 MM),1:50,
E:\Meus Projetos Eletricos\Projetos_Edifícios_Residenciais\Projeto 01\PLANTA ELÉTRICA - PREDIAL E COMERCIAL.dwg,FOLHA 02,24/10/2023 15:01:47,victo,DWG To PDF.pc3,ISO full bleed A2 (594.00 x 420.00 MM),1:50,
E:\Meus Projetos Eletricos\Projetos_Edifícios_Residenciais\Projeto 01\PLANTA ELÉTRICA - PREDIAL E COMERCIAL.dwg,FOLHA 03,24/10/2023 15:01:57,victo,DWG To PDF.pc3,ISO full bleed A2 (594.00 x 420.00 MM),1:50,
E:\Meus Projetos Eletricos\Projetos_Edifícios_Residenciais\Projeto 01\PLANTA ELÉTRICA - PREDIAL E COMERCIAL.dwg,FOLHA 04,24/10/2023 15:02:15,victo,DWG To PDF.pc3,ISO full bleed A2 (594.00 x 420.00 MM),1:50,
E:\Meus Projetos Eletricos\Projetos_Edifícios_Residenciais\Projeto 01\PLANTA ELÉTRICA - PREDIAL E COMERCIAL.dwg,FOLHA 01,24/10/2023 19:06:21,victo,DWG To PDF.pc3,ISO full bleed A2 (594.00 x 420.00 MM),1:50,
E:\Meus Projetos Eletricos\Projetos_Edifícios_Residenciais\Projeto 01\PLANTA ELÉTRICA - PREDIAL E COMERCIAL.dwg,FOLHA 01,24/10/2023 19:29:34,victo,DWG To PDF.pc3,ISO full bleed A2 (594.00 x 420.00 MM),1:50,
E:\Meus Projetos Eletricos\Projetos_Edifícios_Residenciais\Projeto 01\PLANTA ELÉTRICA - PREDIAL E COMERCIAL.dwg,FOLHA 02,24/10/2023 19:29:48,victo,DWG To PDF.pc3,ISO full bleed A2 (594.00 x 420.00 MM),1:50,
E:\Meus Projetos Eletricos\Projetos_Edifícios_Residenciais\Projeto 01\PLANTA ELÉTRICA - PREDIAL E COMERCIAL.dwg,FOLHA 03,24/10/2023 19:29:59,victo,DWG To PDF.pc3,ISO full bleed A2 (594.00 x 420.00 MM),1:50,
E:\Meus Projetos Eletricos\Projetos_Edifícios_Residenciais\Projeto 01\PLANTA ELÉTRICA - PREDIAL E COMERCIAL.dwg,FOLHA 02,26/10/2023 10:37:46,victo,DWG To PDF.pc3,ISO full bleed A2 (594.00 x 420.00 MM),1:50,
E:\Meus Projetos Eletricos\Projetos_Edifícios_Residenciais\Projeto 01\PLANTA ELÉTRICA - PREDIAL E COMERCIAL.dwg,FOLHA 03,26/10/2023 10:37:57,victo,DWG To PDF.pc3,ISO full bleed A2 (594.00 x 420.00 MM),1:50,
E:\Meus Projetos Eletricos\Projetos_Edifícios_Residenciais\Projeto 01\PLANTA ELÉTRICA - PREDIAL E COMERCIAL.dwg,FOLHA 02,26/10/2023 13:44:44,victo,DWG To PDF.pc3,ISO full bleed A2 (594.00 x 420.00 MM),1:50,
E:\Meus Projetos Eletricos\Projetos_Edifícios_Residenciais\Projeto 01\PLANTA ELÉTRICA - PREDIAL E COMERCIAL.dwg,FOLHA 03,26/10/2023 13:44:55,victo,DWG To PDF.pc3,ISO full bleed A2 (594.00 x 420.00 MM),1:50,
E:\Meus Projetos Eletricos\Projetos_Edifícios_Residenciais\Projeto 01\PLANTA ELÉTRICA - PREDIAL E COMERCIAL.dwg,FOLHA 01,26/10/2023 20:56:27,victo,DWG To PDF.pc3,ISO full bleed A2 (594.00 x 420.00 MM),1:50,
E:\Meus Projetos Eletricos\Projetos_Edifícios_Residenciais\Projeto 01\PLANTA ELÉTRICA - PREDIAL E COMERCIAL.dwg,FOLHA 01,28/10/2023 09:13:44,victo,DWG To PDF.pc3,ISO full bleed A2 (594.00 x 420.00 MM),1:50,
E:\Meus Projetos Eletricos\Projetos_Edifícios_Residenciais\Projeto 01\PLANTA ELÉTRICA - PREDIAL E COMERCIAL.dwg,FOLHA 04,28/10/2023 11:08:34,victo,DWG To PDF.pc3,ISO full bleed A2 (594.00 x 420.00 MM),1:50,
E:\Meus Projetos Eletricos\PROJETOS DE SUBESTAÇÃO AÉREA\PROJETO 01\PLANTA.dwg,FOLHA 01,28/10/2023 11:20:59,victo,DWG To PDF.pc3,ISO full bleed A2 (594.00 x 420.00 MM),1:1,
E:\Meus Projetos Eletricos\Projetos_Edifícios_Residenciais\Projeto 01\PLANTA ELÉTRICA - PREDIAL E COMERCIAL.dwg,FOLHA 02,31/10/2023 04:44:33,victo,DWG To PDF.pc3,ISO full bleed A2 (594.00 x 420.00 MM),1:50,
E:\Meus Projetos Eletricos\Projetos_Edifícios_Residenciais\Projeto 01\PLANTA ELÉTRICA - PREDIAL E COMERCIAL.dwg,FOLHA 03,31/10/2023 04:44:49,victo,DWG To PDF.pc3,ISO full bleed A2 (594.00 x 420.00 MM),1:50,
E:\Meus Projetos Eletricos\Projetos_Edifícios_Residenciais\Projeto 01\PLANTA ELÉTRICA - PREDIAL E COMERCIAL.dwg,FOLHA 02,02/11/2023 09:51:36,victo,DWG To PDF.pc3,ISO full bleed A2 (594.00 x 420.00 MM),1:50,
E:\Meus Projetos Eletricos\Projetos_Edifícios_Residenciais\Projeto 01\PLANTA ELÉTRICA - PREDIAL E COMERCIAL.dwg,FOLHA 01,02/11/2023 09:51:57,victo,DWG To PDF.pc3,ISO full bleed A2 (594.00 x 420.00 MM),1:50,
E:\Meus Projetos Eletricos\Projetos_Edifícios_Residenciais\Projeto 01\PLANTA ELÉTRICA - PREDIAL E COMERCIAL.dwg,FOLHA 01,02/11/2023 13:37:36,victo,DWG To PDF.pc3,ISO full bleed A2 (594.00 x 420.00 MM),1:50,
E:\Meus Projetos Eletricos\Projetos_Edifícios_Residenciais\Projeto 01\PLANTA ELÉTRICA - PREDIAL E COMERCIAL.dwg,FOLHA 02,02/11/2023 13:37:49,victo,DWG To PDF.pc3,ISO full bleed A2 (594.00 x 420.00 MM),1:50,
E:\Meus Projetos Eletricos\Projetos_Edifícios_Residenciais\Projeto 01\PLANTA ELÉTRICA - PREDIAL E COMERCIAL.dwg,FOLHA 03,02/11/2023 13:38:01,victo,DWG To PDF.pc3,ISO full bleed A2 (594.00 x 420.00 MM),1:50,
E:\Meus Projetos Eletricos\Projetos_Edifícios_Residenciais\Projeto 01\PLANTA ELÉTRICA - PREDIAL E COMERCIAL.dwg,FOLHA 01,02/11/2023 16:40:32,victo,DWG To PDF.pc3,ISO full bleed A2 (594.00 x 420.00 MM),1:50,
E:\Meus Projetos Eletricos\Projetos_Edifícios_Residenciais\Projeto 01\PLANTA ELÉTRICA - PREDIAL E COMERCIAL.dwg,FOLHA 02,02/11/2023 16:40:46,victo,DWG To PDF.pc3,ISO full bleed A2 (594.00 x 420.00 MM),1:50,
E:\Meus Projetos Eletricos\Projetos_Edifícios_Residenciais\Projeto 01\PLANTA ELÉTRICA - PREDIAL E COMERCIAL.dwg,FOLHA 03,02/11/2023 16:40:56,victo,DWG To PDF.pc3,ISO full bleed A2 (594.00 x 420.00 MM),1:50,
E:\Meus Projetos Eletricos\Projetos_Edifícios_Residenciais\Projeto 01\PLANTA ELÉTRICA - PREDIAL E COMERCIAL.dwg,FOLHA 01,03/11/2023 14:30:58,victo,DWG To PDF.pc3,ISO full bleed A2 (594.00 x 420.00 MM),1:50,
E:\Meus Projetos Eletricos\Projetos_Edifícios_Residenciais\Projeto 01\PLANTA ELÉTRICA - PREDIAL E COMERCIAL.dwg,FOLHA 04,03/11/2023 15:31:34,victo,DWG To PDF.pc3,ISO full bleed A2 (594.00 x 420.00 MM),1:50,
E:\Meus Projetos Eletricos\Projetos_Edifícios_Residenciais\Projeto 01\PLANTA ELÉTRICA - PREDIAL E COMERCIAL.dwg,FOLHA 04,03/11/2023 15:33:17,victo,DWG To PDF.pc3,ISO full bleed A2 (594.00 x 420.00 MM),1:50,
E:\Meus Projetos Eletricos\Projetos_Edifícios_Residenciais\Projeto 01\PLANTA ELÉTRICA - PREDIAL E COMERCIAL.dwg,FOLHA 04,03/11/2023 15:34:18,victo,DWG To PDF.pc3,ISO full bleed A2 (594.00 x 420.00 MM),1:50,
E:\Meus Projetos Eletricos\Projetos_Edifícios_Residenciais\Projeto 01\PLANTA ELÉTRICA - PREDIAL E COMERCIAL.dwg,FOLHA 03,04/11/2023 20:24:06,victo,DWG To PDF.pc3,ISO full bleed A2 (594.00 x 420.00 MM),1:50,
E:\Meus Projetos Eletricos\Projetos_Edifícios_Residenciais\Projeto 01\PLANTA ELÉTRICA - PREDIAL E COMERCIAL.dwg,FOLHA 03,04/11/2023 20:26:15,victo,DWG To PDF.pc3,ISO full bleed A2 (594.00 x 420.00 MM),1:50,
E:\Meus Projetos Eletricos\Projetos_Edifícios_Residenciais\Projeto 01\PLANTA ELÉTRICA - PREDIAL E COMERCIAL.dwg,FOLHA 02,04/11/2023 20:27:14,victo,DWG To PDF.pc3,ISO full bleed A2 (594.00 x 420.00 MM),1:50,
E:\Meus Projetos Eletricos\Projetos_Edifícios_Residenciais\Projeto 01\PLANTA ELÉTRICA - PREDIAL E COMERCIAL.dwg,FOLHA 03,04/11/2023 21:32:18,victo,DWG To PDF.pc3,ISO full bleed A2 (594.00 x 420.00 MM),1:50,
E:\Meus Projetos Eletricos\Projetos_Edifícios_Residenciais\Projeto 01\PLANTA ELÉTRICA - PREDIAL E COMERCIAL.dwg,FOLHA 01,04/11/2023 21:35:28,victo,DWG To PDF.pc3,ISO full bleed A2 (594.00 x 420.00 MM),1:50,
E:\Meus Projetos Eletricos\Projetos_Edifícios_Residenciais\Projeto 01\PLANTA ELÉTRICA - PREDIAL E COMERCIAL.dwg,FOLHA 03,04/11/2023 21:54:11,victo,DWG To PDF.pc3,ISO full bleed A2 (594.00 x 420.00 MM),1:50,
E:\Meus Projetos Eletricos\Projetos_Edifícios_Residenciais\Projeto 01\PLANTA ELÉTRICA - PREDIAL E COMERCIAL.dwg,FOLHA 02,04/11/2023 21:55:22,victo,DWG To PDF.pc3,ISO full bleed A2 (594.00 x 420.00 MM),1:50,
E:\Meus Projetos Eletricos\Projetos_Edifícios_Residenciais\Projeto 01\PLANTA ELÉTRICA - PREDIAL E COMERCIAL.dwg,FOLHA 01,04/11/2023 21:55:34,victo,DWG To PDF.pc3,ISO full bleed A2 (594.00 x 420.00 MM),1:50,
E:\Meus Projetos Eletricos\Projetos_Edifícios_Residenciais\Projeto 01\PLANTA ELÉTRICA - PREDIAL E COMERCIAL.dwg,FOLHA 01,04/11/2023 22:08:47,victo,DWG To PDF.pc3,ISO full bleed A2 (594.00 x 420.00 MM),1:50,
E:\Meus Projetos Eletricos\Projetos_Edifícios_Residenciais\Projeto 01\PLANTA ELÉTRICA - PREDIAL E COMERCIAL.dwg,FOLHA 02,04/11/2023 22:09:03,victo,DWG To PDF.pc3,ISO full bleed A2 (594.00 x 420.00 MM),1:50,
E:\Meus Projetos Eletricos\Projetos_Edifícios_Residenciais\Projeto 01\PLANTA ELÉTRICA - PREDIAL E COMERCIAL.dwg,FOLHA 03,04/11/2023 22:09:43,victo,DWG To PDF.pc3,ISO full bleed A2 (594.00 x 420.00 MM),1:50,
E:\Meus Projetos Eletricos\Projetos_Edifícios_Residenciais\Projeto 01\PLANTA ELÉTRICA - PREDIAL E COMERCIAL.dwg,FOLHA 02,05/11/2023 11:55:55,victo,DWG To PDF.pc3,ISO full bleed A2 (594.00 x 420.00 MM),1:50,
E:\Meus Projetos Eletricos\Projetos_Edifícios_Residenciais\Projeto 01\PLANTA ELÉTRICA - PREDIAL E COMERCIAL.dwg,FOLHA 03,05/11/2023 11:56:07,victo,DWG To PDF.pc3,ISO full bleed A2 (594.00 x 420.00 MM),1:50,
E:\Meus Projetos Eletricos\Projetos_Edifícios_Residenciais\Projeto 01\PLANTA ELÉTRICA - PREDIAL E COMERCIAL.dwg,FOLHA 01,07/11/2023 22:22:11,victo,DWG To PDF.pc3,ISO full bleed A2 (594.00 x 420.00 MM),1:50,
E:\Meus Projetos Eletricos\Projetos_Edifícios_Residenciais\Projeto 01\PLANTA ELÉTRICA - PREDIAL E COMERCIAL.dwg,FOLHA 02,07/11/2023 22:22:27,victo,DWG To PDF.pc3,ISO full bleed A2 (594.00 x 420.00 MM),1:50,
E:\Meus Projetos Eletricos\Projetos_Edifícios_Residenciais\Projeto 01\PLANTA ELÉTRICA - PREDIAL E COMERCIAL.dwg,FOLHA 03,07/11/2023 22:22:44,victo,DWG To PDF.pc3,ISO full bleed A2 (594.00 x 420.00 MM),1:50,
E:\Meus Projetos Eletricos\Projetos_Edifícios_Residenciais\Projeto 01\PLANTA ELÉTRICA - PREDIAL E COMERCIAL.dwg,FOLHA 01,08/11/2023 09:07:26,victo,DWG To PDF.pc3,ISO full bleed A2 (594.00 x 420.00 MM),1:50,
E:\Meus Projetos Eletricos\Projetos_Edifícios_Residenciais\Projeto 01\PLANTA ELÉTRICA - PREDIAL E COMERCIAL.dwg,FOLHA 01,08/11/2023 09:08:36,victo,DWG To PDF.pc3,ISO full bleed A2 (594.00 x 420.00 MM),1:50,
E:\Meus Projetos Eletricos\Projetos_Edifícios_Residenciais\Projeto 01\PLANTA ELÉTRICA - PREDIAL E COMERCIAL.dwg,FOLHA 01,08/11/2023 09:09:55,victo,DWG To PDF.pc3,ISO full bleed A2 (594.00 x 420.00 MM),1:50,
E:\Meus Projetos Eletricos\Projetos_Edifícios_Residenciais\Projeto 01\PLANTA ELÉTRICA - PREDIAL E COMERCIAL.dwg,FOLHA 01,08/11/2023 09:17:58,victo,DWG To PDF.pc3,ISO full bleed A2 (594.00 x 420.00 MM),1:50,
E:\Meus Projetos Eletricos\Projetos_Edifícios_Residenciais\Projeto 01\PLANTA ELÉTRICA - PREDIAL E COMERCIAL.dwg,FOLHA 02,08/11/2023 09:19:08,victo,DWG To PDF.pc3,ISO full bleed A2 (594.00 x 420.00 MM),1:50,
E:\Meus Projetos Eletricos\Projetos_Edifícios_Residenciais\Projeto 01\PLANTA ELÉTRICA - PREDIAL E COMERCIAL.dwg,FOLHA 03,08/11/2023 09:19:21,victo,DWG To PDF.pc3,ISO full bleed A2 (594.00 x 420.00 MM),1:50,
E:\Meus Projetos Eletricos\Projetos_Edifícios_Residenciais\Projeto 01\PLANTA ELÉTRICA - PREDIAL E COMERCIAL.dwg,FOLHA 03,08/11/2023 09:43:06,victo,DWG To PDF.pc3,ISO full bleed A2 (594.00 x 420.00 MM),1:50,
E:\Meus Projetos Eletricos\Projetos_Edifícios_Residenciais\Projeto 01\PLANTA ELÉTRICA - PREDIAL E COMERCIAL.dwg,FOLHA 01,08/11/2023 11:00:42,victo,DWG To PDF.pc3,ISO full bleed A2 (594.00 x 420.00 MM),1:50,
E:\Meus Projetos Eletricos\Projetos_Edifícios_Residenciais\Projeto 01\PLANTA ELÉTRICA - PREDIAL E COMERCIAL.dwg,FOLHA 02,08/11/2023 11:00:56,victo,DWG To PDF.pc3,ISO full bleed A2 (594.00 x 420.00 MM),1:50,
E:\Meus Projetos Eletricos\Projetos_Edifícios_Residenciais\Projeto 01\PLANTA ELÉTRICA - PREDIAL E COMERCIAL.dwg,FOLHA 03,08/11/2023 11:01:07,victo,DWG To PDF.pc3,ISO full bleed A2 (594.00 x 420.00 MM),1:50,
E:\Meus Projetos Eletricos\Projetos_Edifícios_Residenciais\Projeto 01\PLANTA ELÉTRICA - PREDIAL E COMERCIAL.dwg,FOLHA 01,08/11/2023 11:17:35,victo,DWG To PDF.pc3,ISO full bleed A2 (594.00 x 420.00 MM),1:50,
E:\Meus Projetos Eletricos\Projetos_Edifícios_Residenciais\Projeto 01\PLANTA ELÉTRICA - PREDIAL E COMERCIAL.dwg,FOLHA 02,08/11/2023 11:17:46,victo,DWG To PDF.pc3,ISO full bleed A2 (594.00 x 420.00 MM),1:50,
E:\Meus Projetos Eletricos\Projetos_Edifícios_Residenciais\Projeto 01\PLANTA ELÉTRICA - PREDIAL E COMERCIAL.dwg,FOLHA 03,08/11/2023 11:17:55,victo,DWG To PDF.pc3,ISO full bleed A2 (594.00 x 420.00 MM),1:50,
E:\Meus Projetos Eletricos\Projetos_Edifícios_Residenciais\Projeto 01\PLANTA ELÉTRICA - PREDIAL E COMERCIAL.dwg,FOLHA 03,08/11/2023 11:18:43,victo,DWG To PDF.pc3,ISO full bleed A2 (594.00 x 420.00 MM),1:50,
E:\Meus Projetos Eletricos\Projetos_Edifícios_Residenciais\Projeto 01\PLANTA ELÉTRICA - PREDIAL E COMERCIAL.dwg,FOLHA 02,08/11/2023 11:20:11,victo,DWG To PDF.pc3,ISO full bleed A2 (594.00 x 420.00 MM),1:50,
E:\Meus Projetos Eletricos\Projetos_Edifícios_Residenciais\Projeto 01\PLANTA ELÉTRICA - PREDIAL E COMERCIAL.dwg,FOLHA 01,08/11/2023 11:40:37,victo,DWG To PDF.pc3,ISO full bleed A2 (594.00 x 420.00 MM),1:50,
E:\Meus Projetos Eletricos\Projetos_Edifícios_Residenciais\Projeto 01\PLANTA ELÉTRICA - PREDIAL E COMERCIAL.dwg,FOLHA 02,08/11/2023 11:40:53,victo,DWG To PDF.pc3,ISO full bleed A2 (594.00 x 420.00 MM),1:50,
E:\Meus Projetos Eletricos\Projetos_Edifícios_Residenciais\Projeto 01\PLANTA ELÉTRICA - PREDIAL E COMERCIAL.dwg,FOLHA 03,08/11/2023 11:41:04,victo,DWG To PDF.pc3,ISO full bleed A2 (594.00 x 420.00 MM),1:50,
E:\Meus Projetos Eletricos\Projetos_Edifícios_Residenciais\Projeto 01\PLANTA ELÉTRICA - PREDIAL E COMERCIAL.dwg,FOLHA 01,08/11/2023 11:49:04,victo,DWG To PDF.pc3,ISO full bleed A2 (594.00 x 420.00 MM),1:50,
E:\Meus Projetos Eletricos\Projetos_Edifícios_Residenciais\Projeto 01\PLANTA ELÉTRICA - PREDIAL E COMERCIAL.dwg,FOLHA 02,08/11/2023 11:49:16,victo,DWG To PDF.pc3,ISO full bleed A2 (594.00 x 420.00 MM),1:50,
E:\Meus Projetos Eletricos\Projetos_Edifícios_Residenciais\Projeto 01\PLANTA ELÉTRICA - PREDIAL E COMERCIAL.dwg,FOLHA 03,08/11/2023 11:49:25,victo,DWG To PDF.pc3,ISO full bleed A2 (594.00 x 420.00 MM),1:50,
E:\Meus Projetos Eletricos\Projetos_Edifícios_Residenciais\Projeto 01\PLANTA ELÉTRICA - PREDIAL E COMERCIAL.dwg,FOLHA 01,08/11/2023 12:14:30,victo,DWG To PDF.pc3,ISO full bleed A2 (594.00 x 420.00 MM),1:50,
E:\Meus Projetos Eletricos\Projetos_Edifícios_Residenciais\Projeto 01\PLANTA ELÉTRICA - PREDIAL E COMERCIAL.dwg,FOLHA 02,08/11/2023 12:14:44,victo,DWG To PDF.pc3,ISO full bleed A2 (594.00 x 420.00 MM),1:50,
E:\Meus Projetos Eletricos\Projetos_Edifícios_Residenciais\Projeto 01\PLANTA ELÉTRICA - PREDIAL E COMERCIAL.dwg,FOLHA 03,08/11/2023 12:14:52,victo,DWG To PDF.pc3,ISO full bleed A2 (594.00 x 420.00 MM),1:50,
E:\Meus Projetos Eletricos\Projetos_Edifícios_Residenciais\Projeto 01\PLANTA ELÉTRICA - PREDIAL E COMERCIAL.dwg,FOLHA 02,09/11/2023 00:27:11,victo,DWG To PDF.pc3,ISO full bleed A2 (594.00 x 420.00 MM),1:50,
E:\Meus Projetos Eletricos\Projetos_Edifícios_Residenciais\Projeto 01\PLANTA ELÉTRICA - PREDIAL E COMERCIAL.dwg,FOLHA 03,09/11/2023 00:27:24,victo,DWG To PDF.pc3,ISO full bleed A2 (594.00 x 420.00 MM),1:50,
E:\Meus Projetos Eletricos\Projetos_Edifícios_Residenciais\Projeto 01\PLANTA ELÉTRICA - PREDIAL E COMERCIAL.dwg,FOLHA 02,09/11/2023 17:35:58,victo,DWG To PDF.pc3,ISO full bleed A2 (594.00 x 420.00 MM),1:50,
E:\Meus Projetos Eletricos\Projetos_Edifícios_Residenciais\Projeto 01\PLANTA ELÉTRICA - PREDIAL E COMERCIAL.dwg,FOLHA 03,09/11/2023 17:36:09,victo,DWG To PDF.pc3,ISO full bleed A2 (594.00 x 420.00 MM),1:50,
E:\Meus Projetos Eletricos\Projetos_Edifícios_Residenciais\Projeto 01\PLANTA ELÉTRICA - PREDIAL E COMERCIAL.dwg,FOLHA 03,09/11/2023 17:42:55,victo,DWG To PDF.pc3,ISO full bleed A2 (594.00 x 420.00 MM),1:50,
E:\Meus Projetos Eletricos\Projetos_Edifícios_Residenciais\Projeto 01\PLANTA ELÉTRICA - PREDIAL E COMERCIAL.dwg,FOLHA 02,11/11/2023 09:47:57,victo,DWG To PDF.pc3,ISO full bleed A2 (594.00 x 420.00 MM),1:50,
E:\Meus Projetos Eletricos\Projetos_Edifícios_Residenciais\Projeto 01\PLANTA ELÉTRICA - PREDIAL E COMERCIAL.dwg,FOLHA 03,11/11/2023 09:48:50,victo,DWG To PDF.pc3,ISO full bleed A2 (594.00 x 420.00 MM),1:50,
E:\Meus Projetos Eletricos\Projetos_Edifícios_Residenciais\Projeto 01\PLANTA ELÉTRICA - PREDIAL E COMERCIAL.dwg,FOLHA 01,11/11/2023 09:54:27,victo,DWG To PDF.pc3,ISO full bleed A2 (594.00 x 420.00 MM),1:50,
E:\Meus Projetos Eletricos\Projetos_Edifícios_Residenciais\Projeto 01\PLANTA ELÉTRICA - PREDIAL E COMERCIAL.dwg,FOLHA 02,11/11/2023 09:54:40,victo,DWG To PDF.pc3,ISO full bleed A2 (594.00 x 420.00 MM),1:50,
E:\Meus Projetos Eletricos\Projetos_Edifícios_Residenciais\Projeto 01\PLANTA ELÉTRICA - PREDIAL E COMERCIAL.dwg,FOLHA 03,11/11/2023 09:54:52,victo,DWG To PDF.pc3,ISO full bleed A2 (594.00 x 420.00 MM),1:50,
C:\Users\victo\Downloads\PLANTA ELÉTRICA - PREDIAL E COMERCIAL[1] (2).dwg,FOLHA 02,11/11/2023 12:37:23,victo,DWG To PDF.pc3,ISO full bleed A2 (594.00 x 420.00 MM),1:50,
C:\Users\victo\Downloads\PLANTA ELÉTRICA - PREDIAL E COMERCIAL[1] (2).dwg,FOLHA 03,11/11/2023 12:37:35,victo,DWG To PDF.pc3,ISO full bleed A2 (594.00 x 420.00 MM),1:50,
E:\Meus Projetos Eletricos\Projetos_Edifícios_Residenciais\Projeto 01\PLANTA ELÉTRICA - PREDIAL E COMERCIAL.dwg,FOLHA 02,11/11/2023 12:42:47,victo,DWG To PDF.pc3,ISO full bleed A2 (594.00 x 420.00 MM),1:50,
E:\Meus Projetos Eletricos\Projetos_Edifícios_Residenciais\Projeto 01\PLANTA ELÉTRICA - PREDIAL E COMERCIAL.dwg,FOLHA 03,11/11/2023 12:42:58,victo,DWG To PDF.pc3,ISO full bleed A2 (594.00 x 420.00 MM),1:50,
E:\Meus Projetos Eletricos\Projetos_Edifícios_Residenciais\Projeto 01\PLANTA ELÉTRICA - PREDIAL E COMERCIAL.dwg,FOLHA 02,26/11/2023 00:40:26,karol,DWG To PDF.pc3,ISO full bleed A2 (594.00 x 420.00 MM),1:50,
E:\Meus Projetos Eletricos\Projetos_Edifícios_Residenciais\Projeto 01\PLANTA ELÉTRICA - PREDIAL E COMERCIAL.dwg,FOLHA 03,26/11/2023 00:41:04,karol,DWG To PDF.pc3,ISO full bleed A2 (594.00 x 420.00 MM),1:50,
E:\Meus Projetos Eletricos\Projetos_Edifícios_Residenciais\Projeto 01\PLANTA ELÉTRICA - PREDIAL E COMERCIAL.dwg,FOLHA 04,26/11/2023 00:41:29,karol,DWG To PDF.pc3,ISO full bleed A2 (594.00 x 420.00 MM),1:50,
E:\Meus Projetos Eletricos\Projetos_Edifícios_Residenciais\Projeto 01\PLANTA ELÉTRICA - PREDIAL E COMERCIAL.dwg,FOLHA 01,26/11/2023 00:51:54,karol,DWG To PDF.pc3,ISO full bleed A2 (594.00 x 420.00 MM),1:50,
E:\Meus Projetos Eletricos\Projetos_Edifícios_Residenciais\Projeto 01\PLANTA ELÉTRICA - PREDIAL E COMERCIAL.dwg,FOLHA 01,26/11/2023 00:53:59,karol,DWG To PDF.pc3,ISO full bleed A2 (594.00 x 420.00 MM),1:50,
E:\Meus Projetos Eletricos\Projetos_Edifícios_Residenciais\Projeto 01\PLANTA ELÉTRICA - PREDIAL E COMERCIAL.dwg,FOLHA 01,26/11/2023 00:55:49,karol,DWG To PDF.pc3,ISO full bleed A2 (594.00 x 420.00 MM),1:50,
E:\Meus Projetos Eletricos\Projetos_Edifícios_Residenciais\Projeto 01\PLANTA ELÉTRICA - PREDIAL E COMERCIAL.dwg,FOLHA 01,26/11/2023 00:56:25,karol,DWG To PDF.pc3,ISO full bleed A2 (594.00 x 420.00 MM),1:50,
E:\Meus Projetos Eletricos\Projetos_Edifícios_Residenciais\Projeto 01\PLANTA ELÉTRICA - PREDIAL E COMERCIAL.dwg,FOLHA 01,26/11/2023 00:57:22,karol,DWG To PDF.pc3,ISO full bleed A2 (594.00 x 420.00 MM),1:50,
E:\Meus Projetos Eletricos\Projetos_Edifícios_Residenciais\Projeto 01\PLANTA ELÉTRICA - PREDIAL E COMERCIAL.dwg,FOLHA 01,26/11/2023 00:58:36,karol,DWG To PDF.pc3,ISO full bleed A2 (594.00 x 420.00 MM),1:50,
E:\Meus Projetos Eletricos\Projetos_Edifícios_Residenciais\Projeto 01\PLANTA ELÉTRICA - PREDIAL E COMERCIAL.dwg,FOLHA 01,26/11/2023 01:01:14,karol,DWG To PDF.pc3,ISO full bleed A2 (594.00 x 420.00 MM),1:50,
E:\Meus Projetos Eletricos\Projetos_Edifícios_Residenciais\Projeto 01\PLANTA ELÉTRICA - PREDIAL E COMERCIAL.dwg,FOLHA 01,26/11/2023 01:02:29,karol,DWG To PDF.pc3,ISO full bleed A2 (594.00 x 420.00 MM),1:50,
E:\Meus Projetos Eletricos\Projetos_Edifícios_Residenciais\Projeto 01\PLANTA ELÉTRICA - PREDIAL E COMERCIAL.dwg,FOLHA 01,26/11/2023 01:03:41,karol,DWG To PDF.pc3,ISO full bleed A2 (594.00 x 420.00 MM),1:50,
E:\Meus Projetos Eletricos\Projetos_Edifícios_Residenciais\Projeto 01\PLANTA ELÉTRICA - PREDIAL E COMERCIAL.dwg,FOLHA 02,26/11/2023 01:04:47,karol,DWG To PDF.pc3,ISO full bleed A2 (594.00 x 420.00 MM),1:50,
E:\Meus Projetos Eletricos\Projetos_Edifícios_Residenciais\Projeto 01\PLANTA ELÉTRICA - PREDIAL E COMERCIAL.dwg,FOLHA 03,26/11/2023 01:05:17,karol,DWG To PDF.pc3,ISO full bleed A2 (594.00 x 420.00 MM),1:50,
E:\Meus Projetos Eletricos\Projetos_Edifícios_Residenciais\Projeto 01\PLANTA ELÉTRICA - PREDIAL E COMERCIAL.dwg,FOLHA 04,26/11/2023 01:05:43,karol,DWG To PDF.pc3,ISO full bleed A2 (594.00 x 420.00 MM),1:50,
E:\Meus Projetos Eletricos\Projetos_Edifícios_Residenciais\Projeto 01\PLANTA ELÉTRICA - PREDIAL E COMERCIAL.dwg,FOLHA 04,26/11/2023 01:06:54,karol,DWG To PDF.pc3,ISO full bleed A2 (594.00 x 420.00 MM),1:50,
E:\Meus Projetos Eletricos\Projetos_Edifícios_Comerciais\Projeto01_Edifício_De_8_Pavimentos\PLANTA ELÉTRICA.dwg,FOLHA 01,26/11/2023 01:28:52,karol,DWG To PDF.pc3,ISO full bleed A2 (594.00 x 420.00 MM),1:50,
