E:\Projetos_Eletricos\Projeto_01\Planta_Baixa_2023_1_Apto.dwg,Model,16/08/2023 13:21:19,victo,DWG To PDF.pc3,ISO A4 (297.00 x 210.00 MM),1:0.232716,
E:\Projetos_Eletricos\Projeto_01\Planta_Baixa_2023_1_Apto.dwg,Model,16/08/2023 13:22:17,victo,DWG To PDF.pc3,ISO A4 (210.00 x 297.00 MM),1:0.155734,
E:\Projetos_Eletricos\Projeto_01\Planta_Baixa_2023_1_Apto.dwg,Model,16/08/2023 13:24:08,victo,DWG To PDF.pc3,ISO A4 (210.00 x 297.00 MM),1:0.111583,
E:\Documentos-Victor\Universidade\8º Período\8 - Instalações Elétricas\Victor\Planta_Baixa_2023_1_Apto[1].dwg,Model,19/08/2023 13:55:40,victo,DWG To PDF.pc3,ISO A4 (210.00 x 297.00 MM),1:0.111583,
E:\Projetos_Eletricos\Projeto_01\Planta_Baixa_2023_1_Apto[1].dwg,Model,19/08/2023 14:04:20,victo,DWG To PDF.pc3,ISO A4 (210.00 x 297.00 MM),1:0.111583,
C:\Users\victo\Documents\GitHub\ProjetosEletricos\Projetos_Residenciais\Projeto_01\PLANTA_BAIXA_REFEITA_APARTAMENTO.dwg,Modelo,10/09/2023 12:12:30,victo,DWG To PDF.pc3,ISO A2 (594.00 x 420.00 mm),1:0.097325,
E:\Documentos-Victor\Arquivos_GitHub\ProjetosEletricos\Projetos_Residenciais\Projeto_01\PLANTA_BAIXA_REFEITA_APARTAMENTO.dwg,Model,11/09/2023 09:15:15,victo,DWG To PDF.pc3,ISO A2 (420.00 x 594.00 MM),1:0.094877,
E:\Documentos-Victor\Arquivos_GitHub\ProjetosEletricos\Projetos_Residenciais\Projeto_01\PLANTA_BAIXA_REFEITA_APARTAMENTO.dwg,Model,11/09/2023 09:18:46,victo,DWG To PDF.pc3,ISO A2 (594.00 x 420.00 MM),1:0.137645,
E:\Documentos-Victor\Arquivos_GitHub\ProjetosEletricos\Projetos_Residenciais\Projeto_01\PLANTA_BAIXA_REFEITA_APARTAMENTO.dwg,Model,11/09/2023 09:19:32,victo,DWG To PDF.pc3,ISO A2 (594.00 x 420.00 MM),1:0.097325,
E:\Documentos-Victor\Arquivos_GitHub\ProjetosEletricos\Projetos_Residenciais\Projeto_01\PLANTA_BAIXA_REFEITA_APARTAMENTO.dwg,Model,11/09/2023 09:20:36,victo,DWG To PDF.pc3,ISO A2 (594.00 x 420.00 MM),1:0.097325,
E:\Documentos-Victor\Arquivos_GitHub\ProjetosEletricos\Projetos_Residenciais\Projeto_01\PLANTA_BAIXA_REFEITA_APARTAMENTO.dwg,Model,11/09/2023 11:02:14,victo,DWG To PDF.pc3,ISO A2 (594.00 x 420.00 MM),1:0.097325,
E:\Documentos-Victor\Arquivos_GitHub\ProjetosEletricos\Projetos_Residenciais\Projeto_01\PLANTA_BAIXA_REFEITA_APARTAMENTO_DIM_COND.dwg,Model,16/09/2023 14:39:25,victo,DWG To PDF.pc3,ISO A2 (594.00 x 420.00 MM),1:0.137645,
E:\Documentos-Victor\Arquivos_GitHub\ProjetosEletricos\Projetos_Residenciais\Projeto_01\PLANTA_BAIXA_REFEITA_APARTAMENTO_DIM_COND.dwg,Model,16/09/2023 14:45:48,victo,DWG To PDF.pc3,ISO A2 (594.00 x 420.00 MM),1:0.097325,
E:\Documentos-Victor\Arquivos_GitHub\ProjetosEletricos\Projetos_Residenciais\Projeto_01\PLANTA_BAIXA_REFEITA_APARTAMENTO_DIM_COND.dwg,Model,16/09/2023 15:03:26,victo,DWG To PDF.pc3,ISO A2 (594.00 x 420.00 MM),1:0.097325,
E:\Documentos-Victor\Arquivos_GitHub\ProjetosEletricos\Projetos_Residenciais\Projeto_01\PLANTA_BAIXA_REFEITA_APARTAMENTO_DIM_COND.dwg,Model,16/09/2023 16:07:18,victo,DWG To PDF.pc3,ISO A2 (594.00 x 420.00 MM),1:0.097325,
E:\Documentos-Victor\Arquivos_GitHub\ProjetosEletricos\Projetos_Residenciais\Projeto_01\PLANTA_BAIXA_REFEITA_APARTAMENTO_DIM_COND.dwg,Model,16/09/2023 16:13:11,victo,DWG To PDF.pc3,ISO A2 (594.00 x 420.00 MM),1:0.097325,
E:\Documentos-Victor\Arquivos_GitHub\ProjetosEletricos\Projetos_Residenciais\Projeto_01\PLANTA_BAIXA_REFEITA_APARTAMENTO_DIM_COND.dwg,Model,16/09/2023 16:13:55,victo,DWG To PDF.pc3,ISO A2 (594.00 x 420.00 MM),1:0.097325,
E:\Documentos-Victor\Arquivos_GitHub\ProjetosEletricos\Projetos_Residenciais\Projeto_01\PLANTA_BAIXA_REFEITA_APARTAMENTO_DIM_COND.dwg,Model,16/09/2023 16:14:33,victo,DWG To PDF.pc3,ISO A2 (594.00 x 420.00 MM),1:0.097325,
E:\Documentos-Victor\Arquivos_GitHub\ProjetosEletricos\Projetos_Residenciais\Projeto_01\PLANTA_BAIXA_REFEITA_APARTAMENTO_DIM_COND.dwg,Model,16/09/2023 16:24:35,victo,DWG To PDF.pc3,ISO A2 (594.00 x 420.00 MM),1:0.097325,
E:\Projetos_Eletricos\ProjetosEletricos\Projetos_Residenciais\Projeto_01\PLANTA_BAIXA_REFEITA_APARTAMENTO_DIM_COND.dwg,Layout1,17/09/2023 08:52:26,victo,DWG To PDF.pc3,ISO full bleed A2 (594.00 x 420.00 MM),1:1,
E:\Projetos_Eletricos\ProjetosEletricos\Projetos_Residenciais\Projeto_01\PLANTA_BAIXA_REFEITA_APARTAMENTO_DIM_COND.dwg,Layout1,17/09/2023 08:53:20,victo,DWG To PDF.pc3,ISO full bleed A2 (594.00 x 420.00 MM),1:1,
E:\Projetos_Eletricos\ProjetosEletricos\Projetos_Residenciais\Projeto_01\PLANTA_BAIXA_REFEITA_APARTAMENTO_DIM_COND.dwg,Layout1,17/09/2023 08:53:50,victo,DWG To PDF.pc3,ISO full bleed A2 (594.00 x 420.00 MM),1:1,
E:\Projetos_Eletricos\ProjetosEletricos\Projetos_Residenciais\Projeto_01\PLANTA_BAIXA_REFEITA_APARTAMENTO_DIM_COND.dwg,Layout1,17/09/2023 08:54:42,victo,DWG To PDF.pc3,ISO full bleed A2 (594.00 x 420.00 MM),1:1,
E:\Projetos_Eletricos\ProjetosEletricos\Projetos_Residenciais\Projeto_01\PLANTA_BAIXA_REFEITA_APARTAMENTO_DIM_COND.dwg,Layout1,17/09/2023 09:25:24,victo,DWG To PDF.pc3,ISO full bleed A2 (594.00 x 420.00 MM),1:1,
E:\Projetos_Eletricos\ProjetosEletricos\Projetos_Residenciais\Projeto_01\PLANTA_BAIXA_REFEITA_APARTAMENTO_DIM_COND.dwg,Layout1,17/09/2023 09:26:02,victo,DWG To PDF.pc3,ISO full bleed A2 (594.00 x 420.00 MM),1:1,
E:\Projetos_Eletricos\ProjetosEletricos\Projetos_Residenciais\Projeto_01\PLANTA_BAIXA_REFEITA_APARTAMENTO_DIM_COND.dwg,Layout1,17/09/2023 09:26:23,victo,DWG To PDF.pc3,ISO full bleed A2 (594.00 x 420.00 MM),1:1,
E:\Projetos_Eletricos\ProjetosEletricos\Projetos_Residenciais\Projeto_01\PLANTA_BAIXA_REFEITA_APARTAMENTO_DIM_COND.dwg,Layout1,17/09/2023 09:26:51,victo,DWG To PDF.pc3,ISO full bleed A2 (594.00 x 420.00 MM),1:1,
E:\Meus Projetos Eletricos\Projetos_Residenciais\Projeto_01\PLANTA_BAIXA_REFEITA_APARTAMENTO_DIM_COND.dwg,Layout1,17/09/2023 10:42:58,victo,DWG To PDF.pc3,ISO full bleed A2 (594.00 x 420.00 MM),1:1,
E:\Meus Projetos Eletricos\Projetos_Residenciais\Projeto_01\PLANTA_BAIXA_REFEITA_APARTAMENTO_DIM_COND.dwg,Parte3,24/09/2023 08:18:14,victo,DWG To PDF.pc3,ISO full bleed A2 (594.00 x 420.00 MM),1:50,
E:\Meus Projetos Eletricos\Projetos_Residenciais\Projeto_01\PLANTA_BAIXA_REFEITA_APARTAMENTO_DIM_COND.dwg,Parte2,24/09/2023 08:18:41,victo,DWG To PDF.pc3,ISO full bleed A2 (594.00 x 420.00 MM),1:50,
E:\Meus Projetos Eletricos\Projetos_Residenciais\Projeto_01\PLANTA_BAIXA_REFEITA_APARTAMENTO_DIM_COND.dwg,Parte1,24/09/2023 08:19:10,victo,DWG To PDF.pc3,ISO full bleed A2 (594.00 x 420.00 MM),1:50,
E:\Meus Projetos Eletricos\Projetos_Residenciais\Projeto_01\PLANTA_BAIXA_REFEITA_APARTAMENTO_DIM_COND.dwg,Parte2,24/09/2023 08:29:41,victo,DWG To PDF.pc3,ISO full bleed A2 (594.00 x 420.00 MM),1:50,
E:\Meus Projetos Eletricos\Projetos_Residenciais\Projeto_01\PLANTA_BAIXA_REFEITA_APARTAMENTO_DIM_COND.dwg,Parte3,24/09/2023 08:29:59,victo,DWG To PDF.pc3,ISO full bleed A2 (594.00 x 420.00 MM),1:50,
E:\Meus Projetos Eletricos\Projetos_Residenciais\Projeto_01\PLANTA_BAIXA_REFEITA_APARTAMENTO_DIM_COND.dwg,Parte1,24/09/2023 08:37:16,victo,DWG To PDF.pc3,ISO full bleed A2 (594.00 x 420.00 MM),1:50,
E:\Meus Projetos Eletricos\Projetos_Residenciais\Projeto_01\PLANTA_BAIXA_REFEITA_APARTAMENTO_DIM_COND.dwg,Parte5,24/09/2023 10:16:59,victo,DWG To PDF.pc3,ISO full bleed A2 (594.00 x 420.00 MM),1:50,
E:\Meus Projetos Eletricos\Projetos_Residenciais\Projeto_01\PLANTA_BAIXA_REFEITA_APARTAMENTO_DIM_COND[1].dwg,Parte1,24/09/2023 15:05:08,victo,DWG To PDF.pc3,ISO full bleed A2 (594.00 x 420.00 MM),1:50,
E:\Meus Projetos Eletricos\Projetos_Residenciais\Projeto_01\PLANTA_BAIXA_REFEITA_APARTAMENTO_DIM_COND[1].dwg,Parte1,24/09/2023 15:08:51,victo,DWG To PDF.pc3,ISO full bleed A2 (594.00 x 420.00 MM),1:50,
E:\Meus Projetos Eletricos\Projetos_Residenciais\Projeto_01\PLANTA_BAIXA_REFEITA_APARTAMENTO_DIM_COND[1].dwg,Parte1,24/09/2023 15:11:15,victo,DWG To PDF.pc3,ISO full bleed A2 (594.00 x 420.00 MM),1:50,
E:\Meus Projetos Eletricos\Projetos_Residenciais\Projeto_01\PLANTA_BAIXA_REFEITA_APARTAMENTO_DIM_COND[1].dwg,Parte1,24/09/2023 16:19:38,victo,DWG To PDF.pc3,ISO full bleed A2 (594.00 x 420.00 MM),1:50,
E:\Meus Projetos Eletricos\Projetos_Residenciais\Projeto_01\PLANTA_BAIXA_REFEITA_APARTAMENTO_DIM_COND[1].dwg,Parte2,24/09/2023 16:20:00,victo,DWG To PDF.pc3,ISO full bleed A2 (594.00 x 420.00 MM),1:50,
E:\Meus Projetos Eletricos\Projetos_Residenciais\Projeto_01\PLANTA_BAIXA_REFEITA_APARTAMENTO_DIM_COND[1].dwg,Parte3,24/09/2023 16:20:20,victo,DWG To PDF.pc3,ISO full bleed A2 (594.00 x 420.00 MM),1:50,
E:\Meus Projetos Eletricos\Projetos_Residenciais\Projeto_01\PLANTA_BAIXA_REFEITA_APARTAMENTO_DIM_COND[1].dwg,Parte5,24/09/2023 16:20:39,victo,DWG To PDF.pc3,ISO full bleed A2 (594.00 x 420.00 MM),1:50,
E:\Meus Projetos Eletricos\Projetos_Residenciais\Projeto_01\PROJETO_COMPLETO.dwg,Parte2,25/09/2023 09:23:28,victo,DWG To PDF.pc3,ISO full bleed A2 (594.00 x 420.00 MM),1:50,
E:\Meus Projetos Eletricos\Projetos_Residenciais\Projeto_01\PROJETO_COMPLETO.dwg,Parte3,25/09/2023 09:23:52,victo,DWG To PDF.pc3,ISO full bleed A2 (594.00 x 420.00 MM),1:50,
E:\Meus Projetos Eletricos\Projetos_Residenciais\Projeto_01\PROJETO_COMPLETO.dwg,Parte4,25/09/2023 09:24:26,victo,DWG To PDF.pc3,ISO full bleed A2 (594.00 x 420.00 MM),1:50,
E:\Meus Projetos Eletricos\Projetos_Residenciais\Projeto_01\PROJETO_COMPLETO.dwg,Parte5,25/09/2023 09:24:45,victo,DWG To PDF.pc3,ISO full bleed A2 (594.00 x 420.00 MM),1:50,
C:\Users\victo\Downloads\PROJETO_FINAL_ATUALIZAR.dwg,Parte1,26/09/2023 21:40:59,victo,DWG To PDF.pc3,ISO full bleed A2 (594.00 x 420.00 MM),1:50,
C:\Users\victo\Downloads\PROJETO_FINAL_ATUALIZAR.dwg,Parte3,26/09/2023 21:41:17,victo,DWG To PDF.pc3,ISO full bleed A2 (594.00 x 420.00 MM),1:50,
E:\Meus Projetos Eletricos\Projetos_Residenciais\Projeto_01\PROJETO_COMPLETO.dwg,Parte3,26/09/2023 21:49:01,victo,DWG To PDF.pc3,ISO full bleed A2 (594.00 x 420.00 MM),1:50,
E:\Meus Projetos Eletricos\Projetos_Subestação_Abrigada\Projeto_01\PROJETO SUBESTAÇÃO ABRIGADA 2000 KVA.dwg,Parte2,26/09/2023 22:25:22,victo,DWG To PDF.pc3,ISO full bleed A2 (594.00 x 420.00 MM),1:50,
E:\Meus Projetos Eletricos\Projetos_Residenciais\Projeto_01\PROJETO_COMPLETO.dwg,Parte1,27/09/2023 19:17:06,victo,DWG To PDF.pc3,ISO full bleed A4 (210.00 x 297.00 MM),1:50,
